[2016-01-31 23:09:16] START
[2016-01-31 23:09:16] EDIT TRVLR/controllers/default.py: 0
[2016-01-31 23:10:24] EDIT TRVLR/views/default/index.html: 5
[2016-02-01 02:26:19] CREATE create_profile.html: 0
[2016-02-01 02:39:06] EDIT TRVLR/controllers/default.py: 2
[2016-02-01 02:50:47] EDIT TRVLR/models/db.py: -28
[2016-02-01 02:51:15] EDIT TRVLR/controllers/default.py: -2
[2016-02-01 02:51:32] CREATE profile.py: 0
[2016-02-01 02:52:12] EDIT TRVLR/controllers/default.py: 0
[2016-02-01 02:52:46] EDIT TRVLR/controllers/default.py: 0
[2016-02-01 02:55:09] EDIT TRVLR/controllers/default.py: 0
[2016-02-01 02:57:05] EDIT TRVLR/controllers/default.py: 0
[2016-02-01 02:57:14] EDIT TRVLR/views/default/profile_manage.html: 6
[2016-02-01 02:57:23] EDIT TRVLR/views/default/profile_manage.html: 0
[2016-02-01 02:57:24] EDIT TRVLR/controllers/default.py: 0
[2016-02-01 03:04:41] EDIT TRVLR/models/db.py: 28
[2016-02-01 10:31:10] EDIT TRVLR/controllers/profile.py: 1
[2016-02-01 10:31:34] CREATE create_profile.py: 0
[2016-02-01 11:13:12] EDIT TRVLR/controllers/create_profile.py: 0
[2016-02-01 11:13:18] EDIT TRVLR/controllers/create_profile.py: 0
[2016-02-01 11:14:25] EDIT TRVLR/views/create_profile.html: -1
[2016-02-01 11:14:57] EDIT TRVLR/views/create_profile.html: 4
[2016-02-01 11:15:15] EDIT TRVLR/controllers/create_profile.py: 0
[2016-02-01 11:15:32] EDIT TRVLR/views/create_profile.html: 0
[2016-02-01 11:16:46] EDIT TRVLR/views/create_profile.html: -4
[2016-02-01 11:16:56] EDIT TRVLR/controllers/create_profile.py: 0
[2016-02-01 11:17:14] EDIT TRVLR/controllers/create_profile.py: 0
[2016-02-01 11:17:16] EDIT TRVLR/views/create_profile.html: 0
[2016-02-01 11:17:26] EDIT TRVLR/views/create_profile.html: 4
[2016-02-01 11:23:44] EDIT TRVLR/views/create_profile.html: 1
[2016-02-01 11:24:09] EDIT TRVLR/controllers/create_profile.py: 2
[2016-02-01 11:26:37] EDIT TRVLR/controllers/create_profile.py: 4
[2016-02-01 11:26:50] EDIT TRVLR/controllers/create_profile.py: 0
[2016-02-01 11:27:58] EDIT TRVLR/controllers/create_profile.py: 1
[2016-02-01 11:30:01] EDIT TRVLR/controllers/create_profile.py: 1
[2016-02-01 11:30:13] EDIT TRVLR/controllers/create_profile.py: 0
[2016-02-01 11:30:16] EDIT TRVLR/controllers/create_profile.py: 0
[2016-02-01 11:34:45] EDIT TRVLR/controllers/create_profile.py: 2
[2016-02-01 11:36:04] EDIT TRVLR/controllers/create_profile.py: 1
[2016-02-01 11:36:23] EDIT TRVLR/controllers/create_profile.py: 0
[2016-02-01 11:36:24] EDIT TRVLR/controllers/create_profile.py: 0
[2016-02-01 11:36:25] EDIT TRVLR/controllers/create_profile.py: 0
[2016-02-01 11:36:49] EDIT TRVLR/controllers/create_profile.py: 0
[2016-02-01 11:36:50] EDIT TRVLR/controllers/create_profile.py: 0
[2016-02-01 11:36:52] EDIT TRVLR/controllers/create_profile.py: 0
[2016-02-01 11:37:33] EDIT TRVLR/controllers/create_profile.py: 0
[2016-02-01 11:40:19] EDIT TRVLR/controllers/create_profile.py: 0
[2016-02-01 11:41:06] EDIT TRVLR/controllers/create_profile.py: 0
[2016-02-01 11:46:05] EDIT TRVLR/controllers/create_profile.py: 2
[2016-02-01 11:46:11] EDIT TRVLR/controllers/create_profile.py: 0
[2016-02-01 11:46:14] EDIT TRVLR/controllers/create_profile.py: 0
[2016-02-01 11:46:22] EDIT TRVLR/controllers/create_profile.py: 0
[2016-02-01 11:46:23] EDIT TRVLR/controllers/create_profile.py: 0
[2016-02-01 11:46:23] EDIT TRVLR/controllers/create_profile.py: 0
[2016-02-01 11:46:23] EDIT TRVLR/controllers/create_profile.py: 0
[2016-02-01 11:46:23] EDIT TRVLR/controllers/create_profile.py: 0
[2016-02-01 11:46:23] EDIT TRVLR/controllers/create_profile.py: 0
[2016-02-01 11:46:24] EDIT TRVLR/controllers/create_profile.py: 0
[2016-02-01 11:46:24] EDIT TRVLR/controllers/create_profile.py: 0
[2016-02-01 11:46:24] EDIT TRVLR/controllers/create_profile.py: 0
[2016-02-01 11:47:06] EDIT TRVLR/controllers/create_profile.py: 0
[2016-02-01 11:47:07] EDIT TRVLR/controllers/create_profile.py: 0
[2016-02-01 12:42:12] EDIT TRVLR/views/create_profile.html: 0
[2016-02-01 12:49:30] EDIT TRVLR/controllers/create_profile.py: 1
[2016-02-01 12:51:08] EDIT TRVLR/controllers/create_profile.py: 0
[2016-02-01 13:43:42] EDIT TRVLR/controllers/create_profile.py: 0
[2016-02-01 16:09:35] EDIT TRVLR/controllers/create_profile.py: 0
[2016-02-01 16:09:50] EDIT TRVLR/controllers/create_profile.py: 0
[2016-02-01 16:30:57] EDIT TRVLR/controllers/create_profile.py: 0
[2016-02-01 16:35:40] EDIT TRVLR/controllers/create_profile.py: 0
[2016-02-01 17:24:10] EDIT TRVLR/models/menu.py: 1
[2016-02-01 17:24:23] EDIT TRVLR/models/menu.py: 0
[2016-02-01 17:24:40] EDIT TRVLR/models/menu.py: 0
[2016-02-01 17:24:41] EDIT TRVLR/models/menu.py: 0
[2016-02-01 17:24:43] EDIT TRVLR/models/menu.py: 0
[2016-02-01 17:25:22] EDIT TRVLR/models/menu.py: 0
[2016-02-01 17:25:34] EDIT TRVLR/models/menu.py: 0
[2016-02-01 17:25:38] EDIT TRVLR/models/menu.py: 0
[2016-02-01 17:25:39] EDIT TRVLR/models/menu.py: 0
[2016-02-01 17:33:46] CREATE profile.html: 0
[2016-02-01 17:42:29] EDIT TRVLR/views/profile.html: 0
[2016-02-01 18:02:16] EDIT TRVLR/controllers/create_profile.py: 1
[2016-02-01 18:02:21] EDIT TRVLR/controllers/create_profile.py: 0
[2016-02-01 21:11:17] EDIT TRVLR/controllers/create_profile.py: 0
[2016-02-10 00:05:27] EDIT TRVLR/models/db.py: 21
[2016-02-10 00:05:29] EDIT TRVLR/models/db.py: 0
[2016-02-10 00:05:30] EDIT TRVLR/models/db.py: 0
[2016-02-10 00:05:30] EDIT TRVLR/models/db.py: 0
[2016-02-10 00:05:34] EDIT TRVLR/models/db.py: 0
[2016-02-10 00:06:01] EDIT TRVLR/models/db.py: 1
[2016-02-10 00:07:28] EDIT TRVLR/models/db.py: -1
[2016-02-10 00:08:14] EDIT TRVLR/models/db.py: 8
[2016-02-10 00:08:46] EDIT TRVLR/models/db.py: 0
[2016-02-10 00:09:11] EDIT TRVLR/models/db.py: 0
[2016-02-10 00:12:36] EDIT TRVLR/models/db.py: -6
[2016-02-10 00:13:02] EDIT TRVLR/models/db.py: -3
[2016-02-10 00:14:19] EDIT TRVLR/models/db.py: -1
[2016-02-10 00:14:39] EDIT TRVLR/models/db.py: -12
[2016-02-10 00:15:13] EDIT TRVLR/models/db.py: -1
[2016-02-10 00:15:33] EDIT TRVLR/models/db.py: 0
[2016-02-10 00:23:28] EDIT TRVLR/models/db.py: 0
[2016-02-10 00:24:03] EDIT TRVLR/models/db.py: 0
[2016-02-10 00:24:06] EDIT TRVLR/models/db.py: 0
[2016-02-10 00:24:08] EDIT TRVLR/models/db.py: 0
[2016-02-10 00:24:08] EDIT TRVLR/models/db.py: 0
[2016-02-10 00:24:11] EDIT TRVLR/models/db.py: 0
[2016-02-10 00:24:41] EDIT TRVLR/models/db.py: 1
[2016-02-10 00:28:04] EDIT TRVLR/models/db.py: 0
[2016-02-10 00:28:27] DELETE TRVLR/controllers/profile.py: -2
[2016-02-10 00:34:27] EDIT TRVLR/controllers/default.py: 2
[2016-02-10 00:34:47] EDIT TRVLR/controllers/default.py: -1
[2016-02-10 00:43:05] EDIT TRVLR/controllers/default.py: 0
[2016-02-10 00:43:07] EDIT TRVLR/controllers/default.py: 0
[2016-02-10 00:44:17] EDIT TRVLR/models/db.py: 1
[2016-02-10 00:49:25] EDIT TRVLR/models/db.py: 5
[2016-02-10 00:49:26] EDIT TRVLR/models/db.py: 0
[2016-02-10 00:49:27] EDIT TRVLR/models/db.py: 0
[2016-02-10 00:49:27] EDIT TRVLR/models/db.py: 0
[2016-02-10 00:49:28] EDIT TRVLR/models/db.py: 0
[2016-02-10 00:49:28] EDIT TRVLR/models/db.py: 0
[2016-02-10 00:49:28] EDIT TRVLR/models/db.py: 0
[2016-02-10 00:49:29] EDIT TRVLR/models/db.py: 0
[2016-02-10 00:49:41] EDIT TRVLR/models/db.py: 0
[2016-02-10 00:49:42] EDIT TRVLR/models/db.py: 0
[2016-02-10 00:49:42] EDIT TRVLR/models/db.py: 0
[2016-02-10 00:49:42] EDIT TRVLR/models/db.py: 0
[2016-02-10 00:50:07] EDIT TRVLR/models/db.py: 0
[2016-02-10 00:50:08] EDIT TRVLR/models/db.py: 0
[2016-02-10 00:50:08] EDIT TRVLR/models/db.py: 0
[2016-02-10 00:50:08] EDIT TRVLR/models/db.py: 0
[2016-02-10 00:50:17] EDIT TRVLR/models/db.py: 0
[2016-02-10 00:50:23] EDIT TRVLR/models/db.py: 0
[2016-02-10 00:50:45] EDIT TRVLR/models/db.py: 0
[2016-02-10 00:50:49] EDIT TRVLR/models/db.py: 0
[2016-02-10 08:51:28] EDIT TRVLR/controllers/create_profile.py: 3
[2016-02-10 08:51:30] EDIT TRVLR/controllers/create_profile.py: 0
[2016-02-10 08:53:22] EDIT TRVLR/controllers/default.py: 1
[2016-02-10 08:53:39] EDIT TRVLR/controllers/default.py: 0
[2016-02-10 08:53:40] EDIT TRVLR/controllers/create_profile.py: 0
[2016-02-10 08:54:11] EDIT TRVLR/controllers/default.py: 0
[2016-02-10 08:55:09] EDIT TRVLR/controllers/default.py: 0
[2016-02-10 08:55:29] EDIT TRVLR/controllers/default.py: 0
[2016-02-10 08:57:35] EDIT TRVLR/controllers/default.py: 0
[2016-02-10 08:57:44] EDIT TRVLR/controllers/default.py: 0
[2016-02-10 08:58:31] EDIT TRVLR/controllers/default.py: 0
[2016-02-10 09:04:47] EDIT TRVLR/controllers/default.py: 0
[2016-02-11 18:43:47] CREATE destinations.py: 0
[2016-02-11 18:44:11] EDIT TRVLR/views/default/index.html: 1
[2016-02-11 18:45:07] EDIT TRVLR/views/default/index.html: 0
[2016-02-11 18:45:50] EDIT TRVLR/views/default/index.html: 0
[2016-02-11 18:47:43] EDIT TRVLR/controllers/default.py: -1
[2016-02-11 18:48:59] EDIT TRVLR/controllers/destinations.py: 1
[2016-02-11 18:49:01] EDIT TRVLR/controllers/destinations.py: 0
[2016-02-11 18:49:44] CREATE profile.py: 0
[2016-02-11 18:50:45] EDIT TRVLR/views/default/index.html: 0
[2016-02-11 18:51:07] EDIT TRVLR/models/menu.py: 0
[2016-02-11 18:51:34] EDIT TRVLR/models/menu.py: 0
[2016-02-11 18:51:37] EDIT TRVLR/models/menu.py: 0
[2016-02-11 18:51:39] EDIT TRVLR/models/menu.py: 0
[2016-02-16 21:49:48] EDIT TRVLR/views/default/index.html: -3
[2016-02-16 21:49:58] EDIT TRVLR/views/default/index.html: -1
[2016-02-16 22:29:33] EDIT TRVLR/controllers/default.py: 1
[2016-02-16 22:29:43] EDIT TRVLR/controllers/default.py: 0
[2016-02-16 22:31:15] EDIT TRVLR/views/default/users.html: 1
[2016-02-16 22:31:27] EDIT TRVLR/views/default/users.html: 1
[2016-02-16 22:31:32] EDIT TRVLR/controllers/default.py: 0
[2016-02-16 22:31:44] EDIT TRVLR/controllers/default.py: 0
[2016-02-16 22:33:37] EDIT TRVLR/views/default/users.html: 0
[2016-02-16 22:33:43] EDIT TRVLR/views/default/users.html: 0
[2016-02-16 22:36:20] EDIT TRVLR/views/default/users.html: 0
[2016-02-16 22:36:22] EDIT TRVLR/views/default/users.html: 0
[2016-02-16 23:04:44] EDIT TRVLR/views/default/users.html: 0
[2016-02-16 23:04:52] EDIT TRVLR/views/default/users.html: 0
[2016-02-16 23:05:16] EDIT TRVLR/views/default/users.html: 0
[2016-02-16 23:05:24] EDIT TRVLR/views/default/users.html: 0
[2016-02-16 23:05:51] EDIT TRVLR/views/default/users.html: 0
[2016-02-16 23:06:00] EDIT TRVLR/views/default/users.html: 0
[2016-02-16 23:06:15] EDIT TRVLR/views/default/users.html: 0
[2016-02-16 23:07:45] EDIT TRVLR/views/default/users.html: 0
[2016-02-16 23:14:54] EDIT TRVLR/models/db.py: 0
[2016-02-16 23:15:05] EDIT TRVLR/models/db.py: 1
[2016-02-16 23:15:49] EDIT TRVLR/models/db.py: 0
[2016-02-16 23:16:01] EDIT TRVLR/models/db.py: 0
[2016-02-16 23:22:19] EDIT TRVLR/models/db.py: 1
[2016-02-16 23:22:52] EDIT TRVLR/models/db.py: 1
[2016-02-16 23:23:03] EDIT TRVLR/models/db.py: 0
[2016-02-16 23:23:25] EDIT TRVLR/models/db.py: 1
[2016-02-16 23:23:29] EDIT TRVLR/models/db.py: 1
[2016-02-16 23:23:30] EDIT TRVLR/models/db.py: 0
[2016-02-16 23:23:30] EDIT TRVLR/models/db.py: 0
[2016-02-16 23:23:31] EDIT TRVLR/models/db.py: 0
[2016-02-16 23:23:32] EDIT TRVLR/models/db.py: 0
[2016-02-16 23:23:33] EDIT TRVLR/models/db.py: 0
[2016-02-16 23:23:35] EDIT TRVLR/models/db.py: 0
[2016-02-16 23:23:40] EDIT TRVLR/models/db.py: 0
[2016-02-16 23:23:51] EDIT TRVLR/models/db.py: 0
[2016-02-16 23:24:34] EDIT TRVLR/models/db.py: -4
[2016-02-17 00:35:05] EDIT TRVLR/models/db_wizard.py: 5
[2016-02-17 00:38:38] EDIT TRVLR/models/db_wizard.py: 4
[2016-02-17 00:38:41] EDIT TRVLR/models/db_wizard.py: 0
[2016-02-17 00:38:51] EDIT TRVLR/models/db_wizard.py: 0
[2016-02-17 00:40:44] EDIT TRVLR/models/db_wizard.py: 1
[2016-02-17 00:49:44] EDIT TRVLR/models/db_wizard.py: 4
[2016-02-17 00:49:45] EDIT TRVLR/models/db_wizard.py: 0
[2016-02-17 00:49:45] EDIT TRVLR/models/db_wizard.py: 0
[2016-02-17 00:49:51] EDIT TRVLR/models/db_wizard.py: 0
[2016-02-17 00:49:52] EDIT TRVLR/models/db_wizard.py: 0
[2016-02-17 00:49:53] EDIT TRVLR/models/db_wizard.py: 0
[2016-02-17 00:49:54] EDIT TRVLR/models/db_wizard.py: 0
[2016-02-17 00:49:58] EDIT TRVLR/models/db_wizard.py: 0
[2016-02-17 00:50:50] EDIT TRVLR/models/db_wizard.py: 0
[2016-02-17 00:50:53] EDIT TRVLR/models/db_wizard.py: 0
[2016-02-17 00:50:56] EDIT TRVLR/models/db_wizard.py: 0
[2016-02-17 00:52:18] EDIT TRVLR/controllers/default.py: 2
[2016-02-17 00:52:26] EDIT TRVLR/controllers/default.py: 0
[2016-02-17 00:52:54] EDIT TRVLR/controllers/default.py: 1
[2016-02-17 00:53:16] EDIT TRVLR/controllers/default.py: 0
[2016-02-17 00:53:23] EDIT TRVLR/controllers/default.py: 0
[2016-02-17 00:53:48] EDIT TRVLR/views/default/users.html: 1
[2016-02-17 00:55:51] EDIT TRVLR/views/default/users.html: 4
[2016-02-17 00:56:04] EDIT TRVLR/views/default/users.html: 0
[2016-02-17 00:56:13] EDIT TRVLR/views/default/users.html: 0
[2016-02-17 00:59:13] EDIT TRVLR/views/default/users.html: 0
[2016-02-17 01:00:26] EDIT TRVLR/models/db_wizard.py: 0
[2016-02-17 01:02:39] EDIT TRVLR/models/db_wizard.py: 1
[2016-02-17 01:03:25] EDIT TRVLR/models/db_wizard.py: 0
[2016-02-17 01:04:58] EDIT TRVLR/views/default/users.html: 0
[2016-02-17 01:05:58] EDIT TRVLR/models/db_wizard.py: 0
[2016-02-17 01:06:01] EDIT TRVLR/models/db_wizard.py: -6
[2016-02-17 01:06:15] EDIT TRVLR/models/db_wizard.py: 6
[2016-02-17 01:06:24] EDIT TRVLR/models/db_wizard.py: 0
[2016-02-17 01:06:56] EDIT TRVLR/models/db_wizard.py: 0
[2016-02-17 01:07:00] EDIT TRVLR/models/db_wizard.py: 0
[2016-02-17 01:07:27] EDIT TRVLR/models/db_wizard.py: 0
[2016-02-17 01:11:23] EDIT TRVLR/views/default/users.html: 0
[2016-02-17 01:12:07] EDIT TRVLR/views/default/users.html: 0
[2016-02-17 01:12:18] EDIT TRVLR/views/default/users.html: 0
[2016-02-17 01:12:38] EDIT TRVLR/views/default/users.html: 1
[2016-02-17 01:13:06] EDIT TRVLR/views/default/users.html: 0
[2016-02-17 01:13:26] EDIT TRVLR/views/default/users.html: 0
[2016-02-17 01:13:28] EDIT TRVLR/views/default/users.html: 0
[2016-02-17 01:13:35] EDIT TRVLR/views/default/users.html: 0
[2016-02-17 01:13:51] EDIT TRVLR/views/default/users.html: 0
[2016-02-17 01:14:08] EDIT TRVLR/views/default/users.html: 0
[2016-02-17 01:14:59] EDIT TRVLR/views/default/users.html: 2
[2016-02-17 01:15:56] EDIT TRVLR/views/default/users.html: 0
[2016-02-17 01:16:29] EDIT TRVLR/models/db_wizard.py: 0
[2016-02-17 01:18:23] EDIT TRVLR/views/default/users.html: 2
[2016-02-17 01:18:42] EDIT TRVLR/views/default/users.html: 0
[2016-02-17 01:21:26] EDIT TRVLR/views/default/users.html: -2
[2016-02-17 01:23:40] EDIT TRVLR/models/menu.py: 0
[2016-02-17 01:24:29] EDIT TRVLR/models/menu.py: 0
